0 info it worked if it ends with ok
1 verbose cli [ '/usr/bin/node', '/usr/bin/npm', 'install', 'express', '--save' ]
2 info using npm@3.5.2
3 info using node@v8.10.0
4 silly loadCurrentTree Starting
5 silly install loadCurrentTree
6 silly install readLocalPackageData
7 silly fetchPackageMetaData express
8 silly fetchNamedPackageData express
9 silly mapToRegistry name express
10 silly mapToRegistry using default registry
11 silly mapToRegistry registry https://registry.npmjs.org/
12 silly mapToRegistry uri https://registry.npmjs.org/express
13 verbose get https://registry.npmjs.org/express not expired, no request
14 silly install normalizeTree
15 silly loadCurrentTree Finishing
16 silly loadIdealTree Starting
17 silly install loadIdealTree
18 silly cloneCurrentTree Starting
19 silly install cloneCurrentTreeToIdealTree
20 silly cloneCurrentTree Finishing
21 silly loadShrinkwrap Starting
22 silly install loadShrinkwrap
23 silly loadShrinkwrap Finishing
24 silly loadAllDepsIntoIdealTree Starting
25 silly install loadAllDepsIntoIdealTree
26 silly rollbackFailedOptional Starting
27 silly rollbackFailedOptional Finishing
28 silly runTopLevelLifecycles Starting
29 silly runTopLevelLifecycles Finishing
30 silly install printInstalled
31 verbose stack Error: Refusing to install express as a dependency of itself
31 verbose stack     at checkSelf (/usr/share/npm/lib/install/validate-args.js:40:14)
31 verbose stack     at Array.<anonymous> (/usr/share/npm/node_modules/slide/lib/bind-actor.js:15:8)
31 verbose stack     at LOOP (/usr/share/npm/node_modules/slide/lib/chain.js:15:14)
31 verbose stack     at chain (/usr/share/npm/node_modules/slide/lib/chain.js:20:5)
31 verbose stack     at /usr/share/npm/lib/install/validate-args.js:15:5
31 verbose stack     at /usr/share/npm/node_modules/slide/lib/async-map.js:52:35
31 verbose stack     at Array.forEach (<anonymous>)
31 verbose stack     at /usr/share/npm/node_modules/slide/lib/async-map.js:52:11
31 verbose stack     at Array.forEach (<anonymous>)
31 verbose stack     at asyncMap (/usr/share/npm/node_modules/slide/lib/async-map.js:51:8)
32 verbose cwd /home/admin1/AnujaShette/Node Programs/ObjectOrientedPrograms
33 error Linux 4.15.0-51-generic
34 error argv "/usr/bin/node" "/usr/bin/npm" "install" "express" "--save"
35 error node v8.10.0
36 error npm  v3.5.2
37 error code ENOSELF
38 error Refusing to install express as a dependency of itself
39 error If you need help, you may report this error at:
39 error     <https://github.com/npm/npm/issues>
40 verbose exit [ 1, true ]
